0 info it worked if it ends with ok
1 verbose cli [ '/usr/bin/node', '/usr/bin/npm', 'install', 'mongodb', '--save' ]
2 info using npm@3.5.2
3 info using node@v8.10.0
4 silly loadCurrentTree Starting
5 silly install loadCurrentTree
6 silly install readLocalPackageData
7 silly fetchPackageMetaData mongodb
8 silly fetchNamedPackageData mongodb
9 silly mapToRegistry name mongodb
10 silly mapToRegistry using default registry
11 silly mapToRegistry registry https://registry.npmjs.org/
12 silly mapToRegistry uri https://registry.npmjs.org/mongodb
13 verbose request uri https://registry.npmjs.org/mongodb
14 verbose request no auth needed
15 info attempt registry request try #1 at 10:34:23
16 verbose request id 2e1f5ad717b8fc6e
17 verbose etag W/"0e8619938c7c4759f99e3129a9fb58fb"
18 verbose lastModified Tue, 06 Nov 2018 13:25:54 GMT
19 http request GET https://registry.npmjs.org/mongodb
20 http 304 https://registry.npmjs.org/mongodb
21 verbose headers { date: 'Thu, 08 Nov 2018 09:34:23 GMT',
21 verbose headers   connection: 'close',
21 verbose headers   'set-cookie':
21 verbose headers    [ '__cfduid=dfe4b8ba9709af1f65fdbe84d248cd7c61541669663; expires=Fri, 08-Nov-19 09:34:23 GMT; path=/; domain=.registry.npmjs.org; HttpOnly' ],
21 verbose headers   'cf-cache-status': 'HIT',
21 verbose headers   'cache-control': 'max-age=300',
21 verbose headers   'cf-ray': '47670b22ee9ea8bd-CDG',
21 verbose headers   etag: '"0e8619938c7c4759f99e3129a9fb58fb"',
21 verbose headers   'expect-ct': 'max-age=604800, report-uri="https://report-uri.cloudflare.com/cdn-cgi/beacon/expect-ct"',
21 verbose headers   'last-modified': 'Tue, 06 Nov 2018 13:25:54 GMT',
21 verbose headers   vary: 'accept-encoding, accept',
21 verbose headers   'x-amz-meta-rev': '1816-fdfeeee7745a5ee3c8c50343ec3d0a37',
21 verbose headers   server: 'cloudflare' }
22 silly get cb [ 304,
22 silly get   { date: 'Thu, 08 Nov 2018 09:34:23 GMT',
22 silly get     connection: 'close',
22 silly get     'set-cookie':
22 silly get      [ '__cfduid=dfe4b8ba9709af1f65fdbe84d248cd7c61541669663; expires=Fri, 08-Nov-19 09:34:23 GMT; path=/; domain=.registry.npmjs.org; HttpOnly' ],
22 silly get     'cf-cache-status': 'HIT',
22 silly get     'cache-control': 'max-age=300',
22 silly get     'cf-ray': '47670b22ee9ea8bd-CDG',
22 silly get     etag: '"0e8619938c7c4759f99e3129a9fb58fb"',
22 silly get     'expect-ct': 'max-age=604800, report-uri="https://report-uri.cloudflare.com/cdn-cgi/beacon/expect-ct"',
22 silly get     'last-modified': 'Tue, 06 Nov 2018 13:25:54 GMT',
22 silly get     vary: 'accept-encoding, accept',
22 silly get     'x-amz-meta-rev': '1816-fdfeeee7745a5ee3c8c50343ec3d0a37',
22 silly get     server: 'cloudflare' } ]
23 verbose etag https://registry.npmjs.org/mongodb from cache
24 verbose get saving mongodb to /home/e174250c/.npm/registry.npmjs.org/mongodb/.cache.json
25 silly install normalizeTree
26 silly loadCurrentTree Finishing
27 silly loadIdealTree Starting
28 silly install loadIdealTree
29 silly cloneCurrentTree Starting
30 silly install cloneCurrentTreeToIdealTree
31 silly cloneCurrentTree Finishing
32 silly loadShrinkwrap Starting
33 silly install loadShrinkwrap
34 silly loadShrinkwrap Finishing
35 silly loadAllDepsIntoIdealTree Starting
36 silly install loadAllDepsIntoIdealTree
37 silly resolveWithNewModule mongodb@3.1.9 checking installable status
38 silly cache add args [ 'mongodb', null ]
39 verbose cache add spec mongodb
40 silly cache add parsed spec Result {
40 silly cache add   raw: 'mongodb',
40 silly cache add   scope: null,
40 silly cache add   name: 'mongodb',
40 silly cache add   rawSpec: '',
40 silly cache add   spec: 'latest',
40 silly cache add   type: 'tag' }
41 silly addNamed mongodb@latest
42 verbose addNamed "latest" is being treated as a dist-tag for mongodb
43 info addNameTag [ 'mongodb', 'latest' ]
44 silly mapToRegistry name mongodb
45 silly mapToRegistry using default registry
46 silly mapToRegistry registry https://registry.npmjs.org/
47 silly mapToRegistry uri https://registry.npmjs.org/mongodb
48 verbose addNameTag registry:https://registry.npmjs.org/mongodb not in flight; fetching
49 verbose get https://registry.npmjs.org/mongodb not expired, no request
50 silly addNameTag next cb for mongodb with tag latest
51 silly addNamed mongodb@3.1.9
52 verbose addNamed "3.1.9" is a plain semver version for mongodb
53 silly cache afterAdd mongodb@3.1.9
54 verbose afterAdd /home/e174250c/.npm/mongodb/3.1.9/package/package.json not in flight; writing
55 verbose afterAdd /home/e174250c/.npm/mongodb/3.1.9/package/package.json written
56 silly fetchNamedPackageData mongodb-core
57 silly mapToRegistry name mongodb-core
58 silly mapToRegistry using default registry
59 silly mapToRegistry registry https://registry.npmjs.org/
60 silly mapToRegistry uri https://registry.npmjs.org/mongodb-core
61 verbose request uri https://registry.npmjs.org/mongodb-core
62 verbose request no auth needed
63 info attempt registry request try #1 at 10:34:23
64 verbose etag W/"f86fcbd44fc41c7b05ceb963f52f7acb"
65 verbose lastModified Mon, 05 Nov 2018 19:17:16 GMT
66 http request GET https://registry.npmjs.org/mongodb-core
67 http 304 https://registry.npmjs.org/mongodb-core
68 verbose headers { date: 'Thu, 08 Nov 2018 09:34:23 GMT',
68 verbose headers   connection: 'close',
68 verbose headers   'set-cookie':
68 verbose headers    [ '__cfduid=dd417df9205faafbb21996633eb1dca081541669663; expires=Fri, 08-Nov-19 09:34:23 GMT; path=/; domain=.registry.npmjs.org; HttpOnly' ],
68 verbose headers   'cf-cache-status': 'HIT',
68 verbose headers   'cache-control': 'max-age=300',
68 verbose headers   'cf-ray': '47670b2459b23bdb-CDG',
68 verbose headers   etag: '"f86fcbd44fc41c7b05ceb963f52f7acb"',
68 verbose headers   'expect-ct': 'max-age=604800, report-uri="https://report-uri.cloudflare.com/cdn-cgi/beacon/expect-ct"',
68 verbose headers   'last-modified': 'Mon, 05 Nov 2018 19:17:16 GMT',
68 verbose headers   vary: 'accept-encoding, accept',
68 verbose headers   'x-amz-meta-rev': '241-d487f1707ea99a71b34f4a9e7f1afdb8',
68 verbose headers   server: 'cloudflare' }
69 silly get cb [ 304,
69 silly get   { date: 'Thu, 08 Nov 2018 09:34:23 GMT',
69 silly get     connection: 'close',
69 silly get     'set-cookie':
69 silly get      [ '__cfduid=dd417df9205faafbb21996633eb1dca081541669663; expires=Fri, 08-Nov-19 09:34:23 GMT; path=/; domain=.registry.npmjs.org; HttpOnly' ],
69 silly get     'cf-cache-status': 'HIT',
69 silly get     'cache-control': 'max-age=300',
69 silly get     'cf-ray': '47670b2459b23bdb-CDG',
69 silly get     etag: '"f86fcbd44fc41c7b05ceb963f52f7acb"',
69 silly get     'expect-ct': 'max-age=604800, report-uri="https://report-uri.cloudflare.com/cdn-cgi/beacon/expect-ct"',
69 silly get     'last-modified': 'Mon, 05 Nov 2018 19:17:16 GMT',
69 silly get     vary: 'accept-encoding, accept',
69 silly get     'x-amz-meta-rev': '241-d487f1707ea99a71b34f4a9e7f1afdb8',
69 silly get     server: 'cloudflare' } ]
70 verbose etag https://registry.npmjs.org/mongodb-core from cache
71 verbose get saving mongodb-core to /home/e174250c/.npm/registry.npmjs.org/mongodb-core/.cache.json
72 silly resolveWithNewModule mongodb-core@3.1.8 checking installable status
73 silly cache add args [ 'mongodb-core@3.1.8', null ]
74 verbose cache add spec mongodb-core@3.1.8
75 silly cache add parsed spec Result {
75 silly cache add   raw: 'mongodb-core@3.1.8',
75 silly cache add   scope: null,
75 silly cache add   name: 'mongodb-core',
75 silly cache add   rawSpec: '3.1.8',
75 silly cache add   spec: '3.1.8',
75 silly cache add   type: 'version' }
76 silly addNamed mongodb-core@3.1.8
77 verbose addNamed "3.1.8" is a plain semver version for mongodb-core
78 silly mapToRegistry name mongodb-core
79 silly mapToRegistry using default registry
80 silly mapToRegistry registry https://registry.npmjs.org/
81 silly mapToRegistry uri https://registry.npmjs.org/mongodb-core
82 verbose addNameVersion registry:https://registry.npmjs.org/mongodb-core not in flight; fetching
83 verbose get https://registry.npmjs.org/mongodb-core not expired, no request
84 silly cache afterAdd mongodb-core@3.1.8
85 verbose afterAdd /home/e174250c/.npm/mongodb-core/3.1.8/package/package.json not in flight; writing
86 verbose afterAdd /home/e174250c/.npm/mongodb-core/3.1.8/package/package.json written
87 silly fetchNamedPackageData require_optional
88 silly mapToRegistry name require_optional
89 silly mapToRegistry using default registry
90 silly mapToRegistry registry https://registry.npmjs.org/
91 silly mapToRegistry uri https://registry.npmjs.org/require_optional
92 verbose request uri https://registry.npmjs.org/require_optional
93 verbose request no auth needed
94 info attempt registry request try #1 at 10:34:23
95 verbose etag W/"10c035388042a3b8c910dda2dd94f8b4"
96 verbose lastModified Sun, 27 May 2018 15:52:37 GMT
97 http request GET https://registry.npmjs.org/require_optional
98 http 304 https://registry.npmjs.org/require_optional
99 verbose headers { date: 'Thu, 08 Nov 2018 09:34:23 GMT',
99 verbose headers   connection: 'close',
99 verbose headers   'set-cookie':
99 verbose headers    [ '__cfduid=d5df3951261a9eef755680517108758a41541669663; expires=Fri, 08-Nov-19 09:34:23 GMT; path=/; domain=.registry.npmjs.org; HttpOnly' ],
99 verbose headers   'cf-cache-status': 'HIT',
99 verbose headers   'cache-control': 'max-age=300',
99 verbose headers   'cf-ray': '47670b251917a857-CDG',
99 verbose headers   etag: '"10c035388042a3b8c910dda2dd94f8b4"',
99 verbose headers   'expect-ct': 'max-age=604800, report-uri="https://report-uri.cloudflare.com/cdn-cgi/beacon/expect-ct"',
99 verbose headers   'last-modified': 'Sun, 27 May 2018 15:52:37 GMT',
99 verbose headers   vary: 'accept-encoding, accept',
99 verbose headers   server: 'cloudflare' }
100 silly get cb [ 304,
100 silly get   { date: 'Thu, 08 Nov 2018 09:34:23 GMT',
100 silly get     connection: 'close',
100 silly get     'set-cookie':
100 silly get      [ '__cfduid=d5df3951261a9eef755680517108758a41541669663; expires=Fri, 08-Nov-19 09:34:23 GMT; path=/; domain=.registry.npmjs.org; HttpOnly' ],
100 silly get     'cf-cache-status': 'HIT',
100 silly get     'cache-control': 'max-age=300',
100 silly get     'cf-ray': '47670b251917a857-CDG',
100 silly get     etag: '"10c035388042a3b8c910dda2dd94f8b4"',
100 silly get     'expect-ct': 'max-age=604800, report-uri="https://report-uri.cloudflare.com/cdn-cgi/beacon/expect-ct"',
100 silly get     'last-modified': 'Sun, 27 May 2018 15:52:37 GMT',
100 silly get     vary: 'accept-encoding, accept',
100 silly get     server: 'cloudflare' } ]
101 verbose etag https://registry.npmjs.org/require_optional from cache
102 verbose get saving require_optional to /home/e174250c/.npm/registry.npmjs.org/require_optional/.cache.json
103 silly resolveWithNewModule require_optional@1.0.1 checking installable status
104 silly cache add args [ 'require_optional@^1.0.1', null ]
105 verbose cache add spec require_optional@^1.0.1
106 silly cache add parsed spec Result {
106 silly cache add   raw: 'require_optional@^1.0.1',
106 silly cache add   scope: null,
106 silly cache add   name: 'require_optional',
106 silly cache add   rawSpec: '^1.0.1',
106 silly cache add   spec: '>=1.0.1 <2.0.0',
106 silly cache add   type: 'range' }
107 silly addNamed require_optional@>=1.0.1 <2.0.0
108 verbose addNamed ">=1.0.1 <2.0.0" is a valid semver range for require_optional
109 silly addNameRange { name: 'require_optional',
109 silly addNameRange   range: '>=1.0.1 <2.0.0',
109 silly addNameRange   hasData: false }
110 silly mapToRegistry name require_optional
111 silly mapToRegistry using default registry
112 silly mapToRegistry registry https://registry.npmjs.org/
113 silly mapToRegistry uri https://registry.npmjs.org/require_optional
114 verbose addNameRange registry:https://registry.npmjs.org/require_optional not in flight; fetching
115 verbose get https://registry.npmjs.org/require_optional not expired, no request
116 silly addNameRange number 2 { name: 'require_optional',
116 silly addNameRange   range: '>=1.0.1 <2.0.0',
116 silly addNameRange   hasData: true }
117 silly addNameRange versions [ 'require_optional', [ '1.0.0', '1.0.1' ] ]
118 silly addNamed require_optional@1.0.1
119 verbose addNamed "1.0.1" is a plain semver version for require_optional
120 silly cache afterAdd require_optional@1.0.1
121 verbose afterAdd /home/e174250c/.npm/require_optional/1.0.1/package/package.json not in flight; writing
122 verbose afterAdd /home/e174250c/.npm/require_optional/1.0.1/package/package.json written
123 silly fetchNamedPackageData semver
124 silly mapToRegistry name semver
125 silly mapToRegistry using default registry
126 silly mapToRegistry registry https://registry.npmjs.org/
127 silly mapToRegistry uri https://registry.npmjs.org/semver
128 verbose request uri https://registry.npmjs.org/semver
129 verbose request no auth needed
130 info attempt registry request try #1 at 10:34:23
131 verbose etag W/"01ac027cdb55594a7659bff6a29c2ee9"
132 verbose lastModified Wed, 10 Oct 2018 23:52:36 GMT
133 http request GET https://registry.npmjs.org/semver
134 http 304 https://registry.npmjs.org/semver
135 verbose headers { date: 'Thu, 08 Nov 2018 09:34:23 GMT',
135 verbose headers   connection: 'close',
135 verbose headers   'set-cookie':
135 verbose headers    [ '__cfduid=dd417df9205faafbb21996633eb1dca081541669663; expires=Fri, 08-Nov-19 09:34:23 GMT; path=/; domain=.registry.npmjs.org; HttpOnly' ],
135 verbose headers   'cf-cache-status': 'HIT',
135 verbose headers   'cache-control': 'max-age=300',
135 verbose headers   'cf-ray': '47670b25aa833bdb-CDG',
135 verbose headers   etag: '"01ac027cdb55594a7659bff6a29c2ee9"',
135 verbose headers   'expect-ct': 'max-age=604800, report-uri="https://report-uri.cloudflare.com/cdn-cgi/beacon/expect-ct"',
135 verbose headers   'last-modified': 'Wed, 10 Oct 2018 23:52:36 GMT',
135 verbose headers   vary: 'accept-encoding, accept',
135 verbose headers   'x-amz-meta-rev': '350-3d4f6af10a49a3b9df94737f9cb9e7d5',
135 verbose headers   server: 'cloudflare' }
136 silly get cb [ 304,
136 silly get   { date: 'Thu, 08 Nov 2018 09:34:23 GMT',
136 silly get     connection: 'close',
136 silly get     'set-cookie':
136 silly get      [ '__cfduid=dd417df9205faafbb21996633eb1dca081541669663; expires=Fri, 08-Nov-19 09:34:23 GMT; path=/; domain=.registry.npmjs.org; HttpOnly' ],
136 silly get     'cf-cache-status': 'HIT',
136 silly get     'cache-control': 'max-age=300',
136 silly get     'cf-ray': '47670b25aa833bdb-CDG',
136 silly get     etag: '"01ac027cdb55594a7659bff6a29c2ee9"',
136 silly get     'expect-ct': 'max-age=604800, report-uri="https://report-uri.cloudflare.com/cdn-cgi/beacon/expect-ct"',
136 silly get     'last-modified': 'Wed, 10 Oct 2018 23:52:36 GMT',
136 silly get     vary: 'accept-encoding, accept',
136 silly get     'x-amz-meta-rev': '350-3d4f6af10a49a3b9df94737f9cb9e7d5',
136 silly get     server: 'cloudflare' } ]
137 verbose etag https://registry.npmjs.org/semver from cache
138 verbose get saving semver to /home/e174250c/.npm/registry.npmjs.org/semver/.cache.json
139 silly resolveWithNewModule semver@5.6.0 checking installable status
140 silly cache add args [ 'semver@^5.1.0', null ]
141 verbose cache add spec semver@^5.1.0
142 silly cache add parsed spec Result {
142 silly cache add   raw: 'semver@^5.1.0',
142 silly cache add   scope: null,
142 silly cache add   name: 'semver',
142 silly cache add   rawSpec: '^5.1.0',
142 silly cache add   spec: '>=5.1.0 <6.0.0',
142 silly cache add   type: 'range' }
143 silly addNamed semver@>=5.1.0 <6.0.0
144 verbose addNamed ">=5.1.0 <6.0.0" is a valid semver range for semver
145 silly addNameRange { name: 'semver', range: '>=5.1.0 <6.0.0', hasData: false }
146 silly mapToRegistry name semver
147 silly mapToRegistry using default registry
148 silly mapToRegistry registry https://registry.npmjs.org/
149 silly mapToRegistry uri https://registry.npmjs.org/semver
150 verbose addNameRange registry:https://registry.npmjs.org/semver not in flight; fetching
151 verbose get https://registry.npmjs.org/semver not expired, no request
152 silly addNameRange number 2 { name: 'semver', range: '>=5.1.0 <6.0.0', hasData: true }
153 silly addNameRange versions [ 'semver',
153 silly addNameRange   [ '1.0.0',
153 silly addNameRange     '1.0.1',
153 silly addNameRange     '1.0.2',
153 silly addNameRange     '1.0.3',
153 silly addNameRange     '1.0.4',
153 silly addNameRange     '1.0.5',
153 silly addNameRange     '1.0.6',
153 silly addNameRange     '1.0.7',
153 silly addNameRange     '1.0.8',
153 silly addNameRange     '1.0.9',
153 silly addNameRange     '1.0.10',
153 silly addNameRange     '1.0.11',
153 silly addNameRange     '1.0.12',
153 silly addNameRange     '1.0.13',
153 silly addNameRange     '1.0.14',
153 silly addNameRange     '1.1.0',
153 silly addNameRange     '1.1.1',
153 silly addNameRange     '1.1.2',
153 silly addNameRange     '1.1.3',
153 silly addNameRange     '1.1.4',
153 silly addNameRange     '2.0.0-alpha',
153 silly addNameRange     '2.0.0-beta',
153 silly addNameRange     '2.0.1',
153 silly addNameRange     '2.0.2',
153 silly addNameRange     '2.0.3',
153 silly addNameRange     '2.0.4',
153 silly addNameRange     '2.0.5',
153 silly addNameRange     '2.0.6',
153 silly addNameRange     '2.0.7',
153 silly addNameRange     '2.0.8',
153 silly addNameRange     '2.0.9',
153 silly addNameRange     '2.0.10',
153 silly addNameRange     '2.0.11',
153 silly addNameRange     '2.1.0',
153 silly addNameRange     '2.2.0',
153 silly addNameRange     '2.2.1',
153 silly addNameRange     '2.3.0',
153 silly addNameRange     '2.3.1',
153 silly addNameRange     '2.3.2',
153 silly addNameRange     '3.0.0',
153 silly addNameRange     '3.0.1',
153 silly addNameRange     '4.0.0',
153 silly addNameRange     '4.0.2',
153 silly addNameRange     '4.0.3',
153 silly addNameRange     '4.1.0',
153 silly addNameRange     '4.1.1',
153 silly addNameRange     '4.2.0',
153 silly addNameRange     '4.2.1',
153 silly addNameRange     '4.2.2',
153 silly addNameRange     '4.3.0',
153 silly addNameRange     '4.3.1',
153 silly addNameRange     '4.3.2',
153 silly addNameRange     '4.3.3',
153 silly addNameRange     '4.3.4',
153 silly addNameRange     '4.3.5',
153 silly addNameRange     '4.3.6',
153 silly addNameRange     '5.0.0',
153 silly addNameRange     '5.0.1',
153 silly addNameRange     '5.0.2',
153 silly addNameRange     '5.0.3',
153 silly addNameRange     '5.1.0',
153 silly addNameRange     '5.1.1',
153 silly addNameRange     '5.2.0',
153 silly addNameRange     '5.3.0',
153 silly addNameRange     '5.4.0',
153 silly addNameRange     '5.4.1',
153 silly addNameRange     '5.5.0',
153 silly addNameRange     '5.5.1',
153 silly addNameRange     '5.6.0' ] ]
154 silly addNamed semver@5.6.0
155 verbose addNamed "5.6.0" is a plain semver version for semver
156 silly cache afterAdd semver@5.6.0
157 verbose afterAdd /home/e174250c/.npm/semver/5.6.0/package/package.json not in flight; writing
158 verbose afterAdd /home/e174250c/.npm/semver/5.6.0/package/package.json written
159 silly loadAllDepsIntoIdealTree Finishing
160 silly idealTree:prePrune interactive_conference@0.1.0
160 silly idealTree:prePrune ├── accepts@1.3.5
160 silly idealTree:prePrune ├── after@0.8.2
160 silly idealTree:prePrune ├── array-flatten@1.1.1
160 silly idealTree:prePrune ├── arraybuffer.slice@0.0.7
160 silly idealTree:prePrune ├── async-limiter@1.0.0
160 silly idealTree:prePrune ├── backo2@1.0.2
160 silly idealTree:prePrune ├── base64-arraybuffer@0.1.5
160 silly idealTree:prePrune ├── base64id@1.0.0
160 silly idealTree:prePrune ├── better-assert@1.0.2
160 silly idealTree:prePrune ├── blob@0.0.4
160 silly idealTree:prePrune ├── body-parser@1.18.3
160 silly idealTree:prePrune ├── bson@1.1.0
160 silly idealTree:prePrune ├── bytes@3.0.0
160 silly idealTree:prePrune ├── callsite@1.0.0
160 silly idealTree:prePrune ├── component-bind@1.0.0
160 silly idealTree:prePrune ├── component-emitter@1.2.1
160 silly idealTree:prePrune ├── component-inherit@0.0.3
160 silly idealTree:prePrune ├── content-disposition@0.5.2
160 silly idealTree:prePrune ├── content-type@1.0.4
160 silly idealTree:prePrune ├── cookie-signature@1.0.6
160 silly idealTree:prePrune ├── cookie@0.3.1
160 silly idealTree:prePrune ├── debug@2.6.9
160 silly idealTree:prePrune ├── depd@1.1.2
160 silly idealTree:prePrune ├── destroy@1.0.4
160 silly idealTree:prePrune ├── ee-first@1.1.1
160 silly idealTree:prePrune ├── encodeurl@1.0.2
160 silly idealTree:prePrune ├─┬ engine.io-client@3.2.1
160 silly idealTree:prePrune │ └── debug@3.1.0
160 silly idealTree:prePrune ├── engine.io-parser@2.1.2
160 silly idealTree:prePrune ├─┬ engine.io@3.2.0
160 silly idealTree:prePrune │ └── debug@3.1.0
160 silly idealTree:prePrune ├── ent@2.2.0
160 silly idealTree:prePrune ├── escape-html@1.0.3
160 silly idealTree:prePrune ├── etag@1.8.1
160 silly idealTree:prePrune ├── express@4.16.4
160 silly idealTree:prePrune ├── finalhandler@1.1.1
160 silly idealTree:prePrune ├── forwarded@0.1.2
160 silly idealTree:prePrune ├── fresh@0.5.2
160 silly idealTree:prePrune ├── has-binary2@1.0.3
160 silly idealTree:prePrune ├── has-cors@1.1.0
160 silly idealTree:prePrune ├── http-errors@1.6.3
160 silly idealTree:prePrune ├── iconv-lite@0.4.23
160 silly idealTree:prePrune ├── indexof@0.0.1
160 silly idealTree:prePrune ├── inherits@2.0.3
160 silly idealTree:prePrune ├── ipaddr.js@1.8.0
160 silly idealTree:prePrune ├── isarray@2.0.1
160 silly idealTree:prePrune ├── media-typer@0.3.0
160 silly idealTree:prePrune ├── memory-pager@1.1.0
160 silly idealTree:prePrune ├── merge-descriptors@1.0.1
160 silly idealTree:prePrune ├── methods@1.1.2
160 silly idealTree:prePrune ├── mime-db@1.37.0
160 silly idealTree:prePrune ├── mime-types@2.1.21
160 silly idealTree:prePrune ├── mime@1.4.1
160 silly idealTree:prePrune ├── mongodb-core@3.1.8
160 silly idealTree:prePrune ├── mongodb@3.1.9
160 silly idealTree:prePrune ├── ms@2.0.0
160 silly idealTree:prePrune ├── negotiator@0.6.1
160 silly idealTree:prePrune ├── object-component@0.0.3
160 silly idealTree:prePrune ├── on-finished@2.3.0
160 silly idealTree:prePrune ├── parseqs@0.0.5
160 silly idealTree:prePrune ├── parseuri@0.0.5
160 silly idealTree:prePrune ├── parseurl@1.3.2
160 silly idealTree:prePrune ├── path-to-regexp@0.1.7
160 silly idealTree:prePrune ├── proxy-addr@2.0.4
160 silly idealTree:prePrune ├── qs@6.5.2
160 silly idealTree:prePrune ├── range-parser@1.2.0
160 silly idealTree:prePrune ├── raw-body@2.3.3
160 silly idealTree:prePrune ├── require_optional@1.0.1
160 silly idealTree:prePrune ├── resolve-from@2.0.0
160 silly idealTree:prePrune ├── safe-buffer@5.1.2
160 silly idealTree:prePrune ├── safer-buffer@2.1.2
160 silly idealTree:prePrune ├── saslprep@1.0.2
160 silly idealTree:prePrune ├── semver@5.6.0
160 silly idealTree:prePrune ├── send@0.16.2
160 silly idealTree:prePrune ├── serve-static@1.13.2
160 silly idealTree:prePrune ├── setprototypeof@1.1.0
160 silly idealTree:prePrune ├── socket.io-adapter@1.1.1
160 silly idealTree:prePrune ├─┬ socket.io-client@2.1.1
160 silly idealTree:prePrune │ └── debug@3.1.0
160 silly idealTree:prePrune ├─┬ socket.io-parser@3.2.0
160 silly idealTree:prePrune │ └── debug@3.1.0
160 silly idealTree:prePrune ├─┬ socket.io@2.1.1
160 silly idealTree:prePrune │ └── debug@3.1.0
160 silly idealTree:prePrune ├── sparse-bitfield@3.0.3
160 silly idealTree:prePrune ├── statuses@1.4.0
160 silly idealTree:prePrune ├── to-array@0.1.4
160 silly idealTree:prePrune ├── type-is@1.6.16
160 silly idealTree:prePrune ├── ultron@1.1.1
160 silly idealTree:prePrune ├── unpipe@1.0.0
160 silly idealTree:prePrune ├── utils-merge@1.0.1
160 silly idealTree:prePrune ├── vary@1.1.2
160 silly idealTree:prePrune ├── ws@3.3.3
160 silly idealTree:prePrune ├── xmlhttprequest-ssl@1.5.5
160 silly idealTree:prePrune └── yeast@0.1.2
161 silly loadIdealTree Finishing
162 silly currentTree interactive_conference@0.1.0
162 silly currentTree ├── accepts@1.3.5
162 silly currentTree ├── after@0.8.2
162 silly currentTree ├── array-flatten@1.1.1
162 silly currentTree ├── arraybuffer.slice@0.0.7
162 silly currentTree ├── async-limiter@1.0.0
162 silly currentTree ├── backo2@1.0.2
162 silly currentTree ├── base64-arraybuffer@0.1.5
162 silly currentTree ├── base64id@1.0.0
162 silly currentTree ├── better-assert@1.0.2
162 silly currentTree ├── blob@0.0.4
162 silly currentTree ├── body-parser@1.18.3
162 silly currentTree ├── bson@1.1.0
162 silly currentTree ├── bytes@3.0.0
162 silly currentTree ├── callsite@1.0.0
162 silly currentTree ├── component-bind@1.0.0
162 silly currentTree ├── component-emitter@1.2.1
162 silly currentTree ├── component-inherit@0.0.3
162 silly currentTree ├── content-disposition@0.5.2
162 silly currentTree ├── content-type@1.0.4
162 silly currentTree ├── cookie-signature@1.0.6
162 silly currentTree ├── cookie@0.3.1
162 silly currentTree ├── debug@2.6.9
162 silly currentTree ├── depd@1.1.2
162 silly currentTree ├── destroy@1.0.4
162 silly currentTree ├── ee-first@1.1.1
162 silly currentTree ├── encodeurl@1.0.2
162 silly currentTree ├─┬ engine.io-client@3.2.1
162 silly currentTree │ └── debug@3.1.0
162 silly currentTree ├── engine.io-parser@2.1.2
162 silly currentTree ├─┬ engine.io@3.2.0
162 silly currentTree │ └── debug@3.1.0
162 silly currentTree ├── ent@2.2.0
162 silly currentTree ├── escape-html@1.0.3
162 silly currentTree ├── etag@1.8.1
162 silly currentTree ├── express@4.16.4
162 silly currentTree ├── finalhandler@1.1.1
162 silly currentTree ├── forwarded@0.1.2
162 silly currentTree ├── fresh@0.5.2
162 silly currentTree ├── has-binary2@1.0.3
162 silly currentTree ├── has-cors@1.1.0
162 silly currentTree ├── http-errors@1.6.3
162 silly currentTree ├── iconv-lite@0.4.23
162 silly currentTree ├── indexof@0.0.1
162 silly currentTree ├── inherits@2.0.3
162 silly currentTree ├── ipaddr.js@1.8.0
162 silly currentTree ├── isarray@2.0.1
162 silly currentTree ├── media-typer@0.3.0
162 silly currentTree ├── memory-pager@1.1.0
162 silly currentTree ├── merge-descriptors@1.0.1
162 silly currentTree ├── methods@1.1.2
162 silly currentTree ├── mime-db@1.37.0
162 silly currentTree ├── mime-types@2.1.21
162 silly currentTree ├── mime@1.4.1
162 silly currentTree ├── ms@2.0.0
162 silly currentTree ├── negotiator@0.6.1
162 silly currentTree ├── object-component@0.0.3
162 silly currentTree ├── on-finished@2.3.0
162 silly currentTree ├── parseqs@0.0.5
162 silly currentTree ├── parseuri@0.0.5
162 silly currentTree ├── parseurl@1.3.2
162 silly currentTree ├── path-to-regexp@0.1.7
162 silly currentTree ├── proxy-addr@2.0.4
162 silly currentTree ├── qs@6.5.2
162 silly currentTree ├── range-parser@1.2.0
162 silly currentTree ├── raw-body@2.3.3
162 silly currentTree ├── resolve-from@2.0.0
162 silly currentTree ├── safe-buffer@5.1.2
162 silly currentTree ├── safer-buffer@2.1.2
162 silly currentTree ├── saslprep@1.0.2
162 silly currentTree ├── send@0.16.2
162 silly currentTree ├── serve-static@1.13.2
162 silly currentTree ├── setprototypeof@1.1.0
162 silly currentTree ├── socket.io-adapter@1.1.1
162 silly currentTree ├─┬ socket.io-client@2.1.1
162 silly currentTree │ └── debug@3.1.0
162 silly currentTree ├─┬ socket.io-parser@3.2.0
162 silly currentTree │ └── debug@3.1.0
162 silly currentTree ├─┬ socket.io@2.1.1
162 silly currentTree │ └── debug@3.1.0
162 silly currentTree ├── sparse-bitfield@3.0.3
162 silly currentTree ├── statuses@1.4.0
162 silly currentTree ├── to-array@0.1.4
162 silly currentTree ├── type-is@1.6.16
162 silly currentTree ├── ultron@1.1.1
162 silly currentTree ├── unpipe@1.0.0
162 silly currentTree ├── utils-merge@1.0.1
162 silly currentTree ├── vary@1.1.2
162 silly currentTree ├── ws@3.3.3
162 silly currentTree ├── xmlhttprequest-ssl@1.5.5
162 silly currentTree └── yeast@0.1.2
163 silly idealTree interactive_conference@0.1.0
163 silly idealTree ├── accepts@1.3.5
163 silly idealTree ├── after@0.8.2
163 silly idealTree ├── array-flatten@1.1.1
163 silly idealTree ├── arraybuffer.slice@0.0.7
163 silly idealTree ├── async-limiter@1.0.0
163 silly idealTree ├── backo2@1.0.2
163 silly idealTree ├── base64-arraybuffer@0.1.5
163 silly idealTree ├── base64id@1.0.0
163 silly idealTree ├── better-assert@1.0.2
163 silly idealTree ├── blob@0.0.4
163 silly idealTree ├── body-parser@1.18.3
163 silly idealTree ├── bson@1.1.0
163 silly idealTree ├── bytes@3.0.0
163 silly idealTree ├── callsite@1.0.0
163 silly idealTree ├── component-bind@1.0.0
163 silly idealTree ├── component-emitter@1.2.1
163 silly idealTree ├── component-inherit@0.0.3
163 silly idealTree ├── content-disposition@0.5.2
163 silly idealTree ├── content-type@1.0.4
163 silly idealTree ├── cookie-signature@1.0.6
163 silly idealTree ├── cookie@0.3.1
163 silly idealTree ├── debug@2.6.9
163 silly idealTree ├── depd@1.1.2
163 silly idealTree ├── destroy@1.0.4
163 silly idealTree ├── ee-first@1.1.1
163 silly idealTree ├── encodeurl@1.0.2
163 silly idealTree ├─┬ engine.io-client@3.2.1
163 silly idealTree │ └── debug@3.1.0
163 silly idealTree ├── engine.io-parser@2.1.2
163 silly idealTree ├─┬ engine.io@3.2.0
163 silly idealTree │ └── debug@3.1.0
163 silly idealTree ├── ent@2.2.0
163 silly idealTree ├── escape-html@1.0.3
163 silly idealTree ├── etag@1.8.1
163 silly idealTree ├── express@4.16.4
163 silly idealTree ├── finalhandler@1.1.1
163 silly idealTree ├── forwarded@0.1.2
163 silly idealTree ├── fresh@0.5.2
163 silly idealTree ├── has-binary2@1.0.3
163 silly idealTree ├── has-cors@1.1.0
163 silly idealTree ├── http-errors@1.6.3
163 silly idealTree ├── iconv-lite@0.4.23
163 silly idealTree ├── indexof@0.0.1
163 silly idealTree ├── inherits@2.0.3
163 silly idealTree ├── ipaddr.js@1.8.0
163 silly idealTree ├── isarray@2.0.1
163 silly idealTree ├── media-typer@0.3.0
163 silly idealTree ├── memory-pager@1.1.0
163 silly idealTree ├── merge-descriptors@1.0.1
163 silly idealTree ├── methods@1.1.2
163 silly idealTree ├── mime-db@1.37.0
163 silly idealTree ├── mime-types@2.1.21
163 silly idealTree ├── mime@1.4.1
163 silly idealTree ├── mongodb-core@3.1.8
163 silly idealTree ├── mongodb@3.1.9
163 silly idealTree ├── ms@2.0.0
163 silly idealTree ├── negotiator@0.6.1
163 silly idealTree ├── object-component@0.0.3
163 silly idealTree ├── on-finished@2.3.0
163 silly idealTree ├── parseqs@0.0.5
163 silly idealTree ├── parseuri@0.0.5
163 silly idealTree ├── parseurl@1.3.2
163 silly idealTree ├── path-to-regexp@0.1.7
163 silly idealTree ├── proxy-addr@2.0.4
163 silly idealTree ├── qs@6.5.2
163 silly idealTree ├── range-parser@1.2.0
163 silly idealTree ├── raw-body@2.3.3
163 silly idealTree ├── require_optional@1.0.1
163 silly idealTree ├── resolve-from@2.0.0
163 silly idealTree ├── safe-buffer@5.1.2
163 silly idealTree ├── safer-buffer@2.1.2
163 silly idealTree ├── saslprep@1.0.2
163 silly idealTree ├── semver@5.6.0
163 silly idealTree ├── send@0.16.2
163 silly idealTree ├── serve-static@1.13.2
163 silly idealTree ├── setprototypeof@1.1.0
163 silly idealTree ├── socket.io-adapter@1.1.1
163 silly idealTree ├─┬ socket.io-client@2.1.1
163 silly idealTree │ └── debug@3.1.0
163 silly idealTree ├─┬ socket.io-parser@3.2.0
163 silly idealTree │ └── debug@3.1.0
163 silly idealTree ├─┬ socket.io@2.1.1
163 silly idealTree │ └── debug@3.1.0
163 silly idealTree ├── sparse-bitfield@3.0.3
163 silly idealTree ├── statuses@1.4.0
163 silly idealTree ├── to-array@0.1.4
163 silly idealTree ├── type-is@1.6.16
163 silly idealTree ├── ultron@1.1.1
163 silly idealTree ├── unpipe@1.0.0
163 silly idealTree ├── utils-merge@1.0.1
163 silly idealTree ├── vary@1.1.2
163 silly idealTree ├── ws@3.3.3
163 silly idealTree ├── xmlhttprequest-ssl@1.5.5
163 silly idealTree └── yeast@0.1.2
164 silly generateActionsToTake Starting
165 silly install generateActionsToTake
166 silly generateActionsToTake Finishing
167 silly diffTrees action count 6
168 silly diffTrees add semver@5.6.0
169 silly diffTrees add require_optional@1.0.1
170 silly diffTrees add mongodb-core@3.1.8
171 silly diffTrees update ent@2.2.0
172 silly diffTrees add mongodb@3.1.9
173 silly diffTrees update socket.io@2.1.1
174 silly decomposeActions action count 48
175 silly decomposeActions fetch semver@5.6.0
176 silly decomposeActions extract semver@5.6.0
177 silly decomposeActions test semver@5.6.0
178 silly decomposeActions preinstall semver@5.6.0
179 silly decomposeActions build semver@5.6.0
180 silly decomposeActions install semver@5.6.0
181 silly decomposeActions postinstall semver@5.6.0
182 silly decomposeActions finalize semver@5.6.0
183 silly decomposeActions fetch require_optional@1.0.1
184 silly decomposeActions extract require_optional@1.0.1
185 silly decomposeActions test require_optional@1.0.1
186 silly decomposeActions preinstall require_optional@1.0.1
187 silly decomposeActions build require_optional@1.0.1
188 silly decomposeActions install require_optional@1.0.1
189 silly decomposeActions postinstall require_optional@1.0.1
190 silly decomposeActions finalize require_optional@1.0.1
191 silly decomposeActions fetch mongodb-core@3.1.8
192 silly decomposeActions extract mongodb-core@3.1.8
193 silly decomposeActions test mongodb-core@3.1.8
194 silly decomposeActions preinstall mongodb-core@3.1.8
195 silly decomposeActions build mongodb-core@3.1.8
196 silly decomposeActions install mongodb-core@3.1.8
197 silly decomposeActions postinstall mongodb-core@3.1.8
198 silly decomposeActions finalize mongodb-core@3.1.8
199 silly decomposeActions fetch ent@2.2.0
200 silly decomposeActions extract ent@2.2.0
201 silly decomposeActions test ent@2.2.0
202 silly decomposeActions preinstall ent@2.2.0
203 silly decomposeActions build ent@2.2.0
204 silly decomposeActions install ent@2.2.0
205 silly decomposeActions postinstall ent@2.2.0
206 silly decomposeActions finalize ent@2.2.0
207 silly decomposeActions fetch mongodb@3.1.9
208 silly decomposeActions extract mongodb@3.1.9
209 silly decomposeActions test mongodb@3.1.9
210 silly decomposeActions preinstall mongodb@3.1.9
211 silly decomposeActions build mongodb@3.1.9
212 silly decomposeActions install mongodb@3.1.9
213 silly decomposeActions postinstall mongodb@3.1.9
214 silly decomposeActions finalize mongodb@3.1.9
215 silly decomposeActions fetch socket.io@2.1.1
216 silly decomposeActions extract socket.io@2.1.1
217 silly decomposeActions test socket.io@2.1.1
218 silly decomposeActions preinstall socket.io@2.1.1
219 silly decomposeActions build socket.io@2.1.1
220 silly decomposeActions install socket.io@2.1.1
221 silly decomposeActions postinstall socket.io@2.1.1
222 silly decomposeActions finalize socket.io@2.1.1
223 silly executeActions Starting
224 silly install executeActions
225 silly doSerial global-install 0
226 silly doParallel fetch 6
227 verbose lock using /home/e174250c/.npm/_locks/staging-b0acc3982d07217c.lock for /mnt/Dossier/Documents/PROJET/github/interactive_conference/node_modules/.staging
228 silly doParallel extract 6
229 silly extract semver@5.6.0
230 silly extract require_optional@1.0.1
231 silly extract mongodb-core@3.1.8
232 silly extract ent@2.2.0
233 silly extract mongodb@3.1.9
234 silly extract socket.io@2.1.1
235 verbose unbuild node_modules/.staging/require_optional-18714857
236 verbose unbuild node_modules/.staging/mongodb-core-8a783219
237 verbose unbuild node_modules/.staging/ent-756855cc
238 verbose unbuild node_modules/.staging/mongodb-0f2d2df7
239 verbose unbuild node_modules/.staging/socket.io-5f0e9a0c
240 verbose unbuild node_modules/.staging/semver-7ed8af2c
241 silly gentlyRm /mnt/Dossier/Documents/PROJET/github/interactive_conference/node_modules/.staging/require_optional-18714857 is being purged from base /mnt/Dossier/Documents/PROJET/github/interactive_conference
242 verbose gentlyRm don't care about contents; nuking /mnt/Dossier/Documents/PROJET/github/interactive_conference/node_modules/.staging/require_optional-18714857
243 silly gentlyRm /mnt/Dossier/Documents/PROJET/github/interactive_conference/node_modules/.staging/mongodb-core-8a783219 is being purged from base /mnt/Dossier/Documents/PROJET/github/interactive_conference
244 verbose gentlyRm don't care about contents; nuking /mnt/Dossier/Documents/PROJET/github/interactive_conference/node_modules/.staging/mongodb-core-8a783219
245 silly gentlyRm /mnt/Dossier/Documents/PROJET/github/interactive_conference/node_modules/.staging/ent-756855cc is being purged from base /mnt/Dossier/Documents/PROJET/github/interactive_conference
246 verbose gentlyRm don't care about contents; nuking /mnt/Dossier/Documents/PROJET/github/interactive_conference/node_modules/.staging/ent-756855cc
247 silly gentlyRm /mnt/Dossier/Documents/PROJET/github/interactive_conference/node_modules/.staging/socket.io-5f0e9a0c is being purged from base /mnt/Dossier/Documents/PROJET/github/interactive_conference
248 verbose gentlyRm don't care about contents; nuking /mnt/Dossier/Documents/PROJET/github/interactive_conference/node_modules/.staging/socket.io-5f0e9a0c
249 silly gentlyRm /mnt/Dossier/Documents/PROJET/github/interactive_conference/node_modules/.staging/mongodb-0f2d2df7 is being purged from base /mnt/Dossier/Documents/PROJET/github/interactive_conference
250 verbose gentlyRm don't care about contents; nuking /mnt/Dossier/Documents/PROJET/github/interactive_conference/node_modules/.staging/mongodb-0f2d2df7
251 silly gentlyRm /mnt/Dossier/Documents/PROJET/github/interactive_conference/node_modules/.staging/semver-7ed8af2c is being purged from base /mnt/Dossier/Documents/PROJET/github/interactive_conference
252 verbose gentlyRm don't care about contents; nuking /mnt/Dossier/Documents/PROJET/github/interactive_conference/node_modules/.staging/semver-7ed8af2c
253 verbose tar unpack /home/e174250c/.npm/require_optional/1.0.1/package.tgz
254 verbose tar unpacking to /mnt/Dossier/Documents/PROJET/github/interactive_conference/node_modules/.staging/require_optional-18714857
255 silly gentlyRm /mnt/Dossier/Documents/PROJET/github/interactive_conference/node_modules/.staging/require_optional-18714857 is being purged
256 verbose gentlyRm don't care about contents; nuking /mnt/Dossier/Documents/PROJET/github/interactive_conference/node_modules/.staging/require_optional-18714857
257 verbose tar unpack /home/e174250c/.npm/mongodb-core/3.1.8/package.tgz
258 verbose tar unpacking to /mnt/Dossier/Documents/PROJET/github/interactive_conference/node_modules/.staging/mongodb-core-8a783219
259 silly gentlyRm /mnt/Dossier/Documents/PROJET/github/interactive_conference/node_modules/.staging/mongodb-core-8a783219 is being purged
260 verbose gentlyRm don't care about contents; nuking /mnt/Dossier/Documents/PROJET/github/interactive_conference/node_modules/.staging/mongodb-core-8a783219
261 verbose tar unpack /home/e174250c/.npm/socket.io/2.1.1/package.tgz
262 verbose tar unpacking to /mnt/Dossier/Documents/PROJET/github/interactive_conference/node_modules/.staging/socket.io-5f0e9a0c
263 silly gentlyRm /mnt/Dossier/Documents/PROJET/github/interactive_conference/node_modules/.staging/socket.io-5f0e9a0c is being purged
264 verbose gentlyRm don't care about contents; nuking /mnt/Dossier/Documents/PROJET/github/interactive_conference/node_modules/.staging/socket.io-5f0e9a0c
265 verbose tar unpack /home/e174250c/.npm/ent/2.2.0/package.tgz
266 verbose tar unpacking to /mnt/Dossier/Documents/PROJET/github/interactive_conference/node_modules/.staging/ent-756855cc
267 silly gentlyRm /mnt/Dossier/Documents/PROJET/github/interactive_conference/node_modules/.staging/ent-756855cc is being purged
268 verbose gentlyRm don't care about contents; nuking /mnt/Dossier/Documents/PROJET/github/interactive_conference/node_modules/.staging/ent-756855cc
269 verbose tar unpack /home/e174250c/.npm/mongodb/3.1.9/package.tgz
270 verbose tar unpacking to /mnt/Dossier/Documents/PROJET/github/interactive_conference/node_modules/.staging/mongodb-0f2d2df7
271 silly gentlyRm /mnt/Dossier/Documents/PROJET/github/interactive_conference/node_modules/.staging/mongodb-0f2d2df7 is being purged
272 verbose gentlyRm don't care about contents; nuking /mnt/Dossier/Documents/PROJET/github/interactive_conference/node_modules/.staging/mongodb-0f2d2df7
273 silly gunzTarPerm modes [ '755', '644' ]
274 verbose tar unpack /home/e174250c/.npm/semver/5.6.0/package.tgz
275 verbose tar unpacking to /mnt/Dossier/Documents/PROJET/github/interactive_conference/node_modules/.staging/semver-7ed8af2c
276 silly gentlyRm /mnt/Dossier/Documents/PROJET/github/interactive_conference/node_modules/.staging/semver-7ed8af2c is being purged
277 verbose gentlyRm don't care about contents; nuking /mnt/Dossier/Documents/PROJET/github/interactive_conference/node_modules/.staging/semver-7ed8af2c
278 silly gunzTarPerm modes [ '755', '644' ]
279 silly gunzTarPerm modes [ '755', '644' ]
280 silly gunzTarPerm modes [ '755', '644' ]
281 silly gunzTarPerm modes [ '755', '644' ]
282 silly gunzTarPerm modes [ '755', '644' ]
283 silly gunzTarPerm extractEntry package.json
284 silly gunzTarPerm extractEntry package.json
285 silly gunzTarPerm extractEntry package.json
286 silly gunzTarPerm modified mode [ 'package.json', 436, 420 ]
287 silly gunzTarPerm extractEntry package.json
288 silly gunzTarPerm extractEntry package.json
289 silly gunzTarPerm extractEntry package.json
290 silly gunzTarPerm extractEntry .npmignore
291 silly gunzTarPerm extractEntry README.md
292 silly gunzTarPerm extractEntry HISTORY.md
293 silly gunzTarPerm extractEntry .npmignore
294 silly gunzTarPerm extractEntry LICENSE
295 silly gunzTarPerm extractEntry LICENSE
296 silly gunzTarPerm modified mode [ 'LICENSE', 436, 420 ]
297 silly gunzTarPerm extractEntry Readme.md
298 silly gunzTarPerm modified mode [ 'Readme.md', 436, 420 ]
299 silly gunzTarPerm extractEntry index.js
300 silly gunzTarPerm extractEntry HISTORY.md
301 silly gunzTarPerm extractEntry index.js
302 silly gunzTarPerm extractEntry LICENSE
303 silly gunzTarPerm extractEntry range.bnf
304 silly gunzTarPerm extractEntry LICENSE
305 silly gunzTarPerm extractEntry README.md
306 silly gunzTarPerm extractEntry lib/auth/defaultAuthProviders.js
307 silly gunzTarPerm extractEntry LICENSE
308 silly gunzTarPerm extractEntry index.js
309 silly gunzTarPerm extractEntry .travis.yml
310 silly gunzTarPerm extractEntry HISTORY.md
311 silly gunzTarPerm extractEntry test/require_optional_tests.js
312 silly gunzTarPerm extractEntry test/nestedTest/package.json
313 silly gunzTarPerm extractEntry test/nestedTest/index.js
314 silly gunzTarPerm extractEntry lib/auth/gssapi.js
315 silly gunzTarPerm extractEntry decode.js
316 silly gunzTarPerm extractEntry encode.js
317 silly gunzTarPerm extractEntry lib/client.js
318 silly gunzTarPerm modified mode [ 'lib/client.js', 436, 420 ]
319 silly gunzTarPerm extractEntry lib/auth/mongocr.js
320 silly gunzTarPerm extractEntry LICENSE.md
321 silly gunzTarPerm extractEntry README.md
322 silly gunzTarPerm extractEntry lib/admin.js
323 silly gunzTarPerm extractEntry README.md
324 silly gunzTarPerm extractEntry semver.js
325 silly gunzTarPerm extractEntry bin/semver
326 silly gunzTarPerm extractEntry lib/auth/plain.js
327 silly gunzTarPerm extractEntry lib/aggregation_cursor.js
328 silly gunzTarPerm extractEntry lib/apm.js
329 silly gunzTarPerm extractEntry lib/authenticate.js
330 silly gunzTarPerm extractEntry lib/bulk/common.js
331 silly gunzTarPerm extractEntry lib/bulk/ordered.js
332 silly gunzTarPerm extractEntry index.js
333 silly gunzTarPerm extractEntry entities.json
334 silly gunzTarPerm extractEntry lib/index.js
335 silly gunzTarPerm modified mode [ 'lib/index.js', 436, 420 ]
336 silly gunzTarPerm extractEntry lib/namespace.js
337 silly gunzTarPerm modified mode [ 'lib/namespace.js', 436, 420 ]
338 silly gunzTarPerm extractEntry lib/bulk/unordered.js
339 silly gunzTarPerm extractEntry lib/change_stream.js
340 silly gunzTarPerm extractEntry lib/auth/scram.js
341 silly gunzTarPerm extractEntry lib/auth/sspi.js
342 silly gunzTarPerm extractEntry examples/simple.js
343 silly gunzTarPerm extractEntry lib/parent-namespace.js
344 silly gunzTarPerm modified mode [ 'lib/parent-namespace.js', 436, 420 ]
345 silly gunzTarPerm extractEntry lib/socket.js
346 silly gunzTarPerm modified mode [ 'lib/socket.js', 436, 420 ]
347 silly gunzTarPerm extractEntry lib/collection.js
348 silly gunzTarPerm extractEntry lib/command_cursor.js
349 silly gunzTarPerm extractEntry lib/auth/x509.js
350 silly gunzTarPerm extractEntry lib/connection/apm.js
351 silly gunzTarPerm extractEntry .travis.yml
352 silly gunzTarPerm extractEntry reversed.json
353 silly gunzTarPerm extractEntry lib/constants.js
354 silly gunzTarPerm extractEntry lib/cursor.js
355 silly gunzTarPerm extractEntry lib/connection/command_result.js
356 silly gunzTarPerm extractEntry lib/connection/commands.js
357 silly gunzTarPerm extractEntry readme.markdown
358 silly gunzTarPerm extractEntry test/codes.js
359 silly gunzTarPerm extractEntry lib/db.js
360 silly gunzTarPerm extractEntry lib/error.js
361 silly gunzTarPerm extractEntry test/hex.js
362 silly gunzTarPerm extractEntry test/num.js
363 silly gunzTarPerm extractEntry lib/connection/connection.js
364 silly gunzTarPerm extractEntry lib/connection/logger.js
365 silly gunzTarPerm extractEntry lib/gridfs-stream/download.js
366 silly gunzTarPerm extractEntry lib/gridfs-stream/index.js
367 silly gunzTarPerm extractEntry lib/connection/pool.js
368 silly gunzTarPerm extractEntry lib/connection/utils.js
369 silly gunzTarPerm extractEntry lib/gridfs-stream/upload.js
370 silly gunzTarPerm extractEntry lib/gridfs/chunk.js
371 silly gentlyRm /mnt/Dossier/Documents/PROJET/github/interactive_conference/node_modules/.staging/semver-7ed8af2c/node_modules is being purged
372 verbose gentlyRm don't care about contents; nuking /mnt/Dossier/Documents/PROJET/github/interactive_conference/node_modules/.staging/semver-7ed8af2c/node_modules
373 silly gunzTarPerm extractEntry lib/cursor.js
374 silly gunzTarPerm extractEntry lib/gridfs/grid_store.js
375 silly gunzTarPerm extractEntry lib/mongo_client.js
376 silly gunzTarPerm extractEntry lib/error.js
377 silly gentlyRm /mnt/Dossier/Documents/PROJET/github/interactive_conference/node_modules/.staging/socket.io-5f0e9a0c/node_modules is being purged
378 verbose gentlyRm don't care about contents; nuking /mnt/Dossier/Documents/PROJET/github/interactive_conference/node_modules/.staging/socket.io-5f0e9a0c/node_modules
379 silly gunzTarPerm extractEntry lib/sdam/cursor.js
380 silly gunzTarPerm extractEntry lib/sdam/monitoring.js
381 silly gunzTarPerm extractEntry lib/operations/admin_ops.js
382 silly gunzTarPerm extractEntry lib/operations/collection_ops.js
383 silly gunzTarPerm extractEntry lib/sdam/server_description.js
384 silly gunzTarPerm extractEntry lib/sdam/server_selectors.js
385 silly gentlyRm /mnt/Dossier/Documents/PROJET/github/interactive_conference/node_modules/.staging/require_optional-18714857/node_modules is being purged
386 verbose gentlyRm don't care about contents; nuking /mnt/Dossier/Documents/PROJET/github/interactive_conference/node_modules/.staging/require_optional-18714857/node_modules
387 silly gunzTarPerm extractEntry lib/operations/cursor_ops.js
388 silly gunzTarPerm extractEntry lib/operations/db_ops.js
389 silly gunzTarPerm extractEntry lib/operations/mongo_client_ops.js
390 silly gunzTarPerm extractEntry lib/sdam/server.js
391 silly gunzTarPerm extractEntry lib/sdam/topology_description.js
392 silly gunzTarPerm extractEntry lib/sdam/topology.js
393 silly gunzTarPerm extractEntry lib/topologies/mongos.js
394 silly gunzTarPerm extractEntry lib/topologies/replset.js
395 silly gunzTarPerm extractEntry lib/topologies/server.js
396 silly gunzTarPerm extractEntry lib/topologies/topology_base.js
397 silly gunzTarPerm extractEntry lib/sessions.js
398 silly gunzTarPerm extractEntry lib/tools/smoke_plugin.js
399 silly gunzTarPerm extractEntry lib/url_parser.js
400 silly gunzTarPerm extractEntry lib/utils.js
401 silly gunzTarPerm extractEntry lib/topologies/mongos.js
402 silly gunzTarPerm extractEntry lib/topologies/read_preference.js
403 silly gunzTarPerm extractEntry lib/topologies/replset_state.js
404 silly gunzTarPerm extractEntry lib/topologies/replset.js
405 silly gunzTarPerm extractEntry lib/topologies/server.js
406 silly gentlyRm /mnt/Dossier/Documents/PROJET/github/interactive_conference/node_modules/.staging/ent-756855cc/node_modules is being purged
407 verbose gentlyRm don't care about contents; nuking /mnt/Dossier/Documents/PROJET/github/interactive_conference/node_modules/.staging/ent-756855cc/node_modules
408 silly gunzTarPerm extractEntry lib/topologies/shared.js
409 silly gunzTarPerm extractEntry lib/transactions.js
410 silly gunzTarPerm extractEntry lib/uri_parser.js
411 silly gunzTarPerm extractEntry lib/utils.js
412 silly gunzTarPerm extractEntry lib/wireprotocol/2_6_support.js
413 silly gunzTarPerm extractEntry lib/wireprotocol/3_2_support.js
414 silly gunzTarPerm extractEntry lib/wireprotocol/compression.js
415 silly gunzTarPerm extractEntry lib/wireprotocol/shared.js
416 silly gentlyRm /mnt/Dossier/Documents/PROJET/github/interactive_conference/node_modules/.staging/mongodb-0f2d2df7/node_modules is being purged
417 verbose gentlyRm don't care about contents; nuking /mnt/Dossier/Documents/PROJET/github/interactive_conference/node_modules/.staging/mongodb-0f2d2df7/node_modules
418 silly gentlyRm /mnt/Dossier/Documents/PROJET/github/interactive_conference/node_modules/.staging/mongodb-core-8a783219/node_modules is being purged
419 verbose gentlyRm don't care about contents; nuking /mnt/Dossier/Documents/PROJET/github/interactive_conference/node_modules/.staging/mongodb-core-8a783219/node_modules
420 silly doParallel preinstall 6
421 silly preinstall semver@5.6.0 /mnt/Dossier/Documents/PROJET/github/interactive_conference/node_modules/.staging/semver-7ed8af2c
422 info lifecycle semver@5.6.0~preinstall: semver@5.6.0
423 silly preinstall require_optional@1.0.1 /mnt/Dossier/Documents/PROJET/github/interactive_conference/node_modules/.staging/require_optional-18714857
424 info lifecycle require_optional@1.0.1~preinstall: require_optional@1.0.1
425 silly preinstall mongodb-core@3.1.8 /mnt/Dossier/Documents/PROJET/github/interactive_conference/node_modules/.staging/mongodb-core-8a783219
426 info lifecycle mongodb-core@3.1.8~preinstall: mongodb-core@3.1.8
427 silly preinstall ent@2.2.0 /mnt/Dossier/Documents/PROJET/github/interactive_conference/node_modules/.staging/ent-756855cc
428 info lifecycle ent@2.2.0~preinstall: ent@2.2.0
429 silly preinstall mongodb@3.1.9 /mnt/Dossier/Documents/PROJET/github/interactive_conference/node_modules/.staging/mongodb-0f2d2df7
430 info lifecycle mongodb@3.1.9~preinstall: mongodb@3.1.9
431 silly preinstall socket.io@2.1.1 /mnt/Dossier/Documents/PROJET/github/interactive_conference/node_modules/.staging/socket.io-5f0e9a0c
432 info lifecycle socket.io@2.1.1~preinstall: socket.io@2.1.1
433 silly lifecycle semver@5.6.0~preinstall: no script for preinstall, continuing
434 silly lifecycle require_optional@1.0.1~preinstall: no script for preinstall, continuing
435 silly lifecycle mongodb-core@3.1.8~preinstall: no script for preinstall, continuing
436 silly lifecycle ent@2.2.0~preinstall: no script for preinstall, continuing
437 silly lifecycle mongodb@3.1.9~preinstall: no script for preinstall, continuing
438 silly lifecycle socket.io@2.1.1~preinstall: no script for preinstall, continuing
439 silly doReverseSerial remove 0
440 silly doSerial move 0
441 silly doSerial finalize 6
442 silly finalize /mnt/Dossier/Documents/PROJET/github/interactive_conference/node_modules/semver
443 silly finalize /mnt/Dossier/Documents/PROJET/github/interactive_conference/node_modules/require_optional
444 silly finalize /mnt/Dossier/Documents/PROJET/github/interactive_conference/node_modules/mongodb-core
445 silly finalize /mnt/Dossier/Documents/PROJET/github/interactive_conference/node_modules/ent
446 silly finalize /mnt/Dossier/Documents/PROJET/github/interactive_conference/node_modules/mongodb
447 silly finalize /mnt/Dossier/Documents/PROJET/github/interactive_conference/node_modules/socket.io
448 silly doSerial build 6
449 silly build semver@5.6.0
450 info linkStuff semver@5.6.0
451 silly linkStuff semver@5.6.0 has /mnt/Dossier/Documents/PROJET/github/interactive_conference/node_modules as its parent node_modules
452 verbose linkBins semver@5.6.0
453 verbose link bins [ { semver: './bin/semver' },
453 verbose link bins   '/mnt/Dossier/Documents/PROJET/github/interactive_conference/node_modules/.bin',
453 verbose link bins   false ]
454 verbose linkMans semver@5.6.0
455 silly gentlyRm /mnt/Dossier/Documents/PROJET/github/interactive_conference/node_modules/.bin/semver is being purged
456 verbose gentlyRm don't care about contents; nuking /mnt/Dossier/Documents/PROJET/github/interactive_conference/node_modules/.bin/semver
457 verbose unlock done using /home/e174250c/.npm/_locks/staging-b0acc3982d07217c.lock for /mnt/Dossier/Documents/PROJET/github/interactive_conference/node_modules/.staging
458 silly rollbackFailedOptional Starting
459 silly rollbackFailedOptional Finishing
460 silly runTopLevelLifecycles Starting
461 silly runTopLevelLifecycles Finishing
462 silly install printInstalled
463 verbose stack Error: ENOTSUP: operation not supported on socket, symlink '../semver/bin/semver' -> '/mnt/Dossier/Documents/PROJET/github/interactive_conference/node_modules/.bin/semver'
464 verbose cwd /mnt/Dossier/Documents/PROJET/github/interactive_conference
465 error Linux 4.9.0-8-amd64
466 error argv "/usr/bin/node" "/usr/bin/npm" "install" "mongodb" "--save"
467 error node v8.10.0
468 error npm  v3.5.2
469 error path ../semver/bin/semver
470 error code ENOTSUP
471 error errno -95
472 error syscall symlink
473 error nospc ENOTSUP: operation not supported on socket, symlink '../semver/bin/semver' -> '/mnt/Dossier/Documents/PROJET/github/interactive_conference/node_modules/.bin/semver'
474 error nospc This is most likely not a problem with npm itself
474 error nospc and is related to insufficient space on your system.
475 verbose exit [ -95, true ]
